<?xml version="1.0" encoding="UTF-8"?>
<testsuite xmlns:xsi="http://www.w3.org/2001/XMLSchema-instance" xsi:noNamespaceSchemaLocation="https://maven.apache.org/surefire/maven-surefire-plugin/xsd/surefire-test-report.xsd" name="clientTests" time="0.068" tests="5" errors="0" skipped="0" failures="0">
  <properties>
[...]
</properties>
  <testcase name="testGameLogicInitialization" classname="clientTests" time="0.033"/>
  <testcase name="testAnimalCreation" classname="clientTests" time="0"/>
  <testcase name="testCategoryInitialization" classname="clientTests" time="0.003"/>
  <testcase name="testClientInitialization" classname="clientTests" time="0.003"/>
  <testcase name="testEmptyAnimalDescriptions" classname="clientTests" time="0.003"/>
</testsuite>